<?xml version="1.0" encoding="UTF-8"?>
<!-- Generated by org.testng.reporters.JUnitXMLReporter -->
<testsuite hostname="RKANDULA-L-1071" ignored="0" name="DummyTests" tests="11" failures="1" timestamp="10 Sep 2018 03:46:08 GMT" time="0.078" errors="0">
  <testcase name="Android3" time="0.01" classname="mypackage1.Testng_Selenium1"/>
  <testcase name="Android4" time="0.0" classname="mypackage1.Testng_Selenium1"/>
  <testcase name="Android5" time="0.0" classname="mypackage1.Testng_Selenium1"/>
  <testcase name="Android6" time="0.01" classname="mypackage1.Testng_Selenium1"/>
  <testcase name="Android_1ravi" time="0.0" classname="mypackage1.Testng_Selenium1"/>
  <testcase name="Android_2ravi" time="0.0" classname="mypackage1.Testng_Selenium1"/>
  <testcase name="myown" time="0.0" classname="mypackage1.Testng_Selenium1"/>
  <testcase name="iostestcase1" time="0.0" classname="mypackage1.Testng_Selenium2"/>
  <testcase name="iostestcase2" time="0.0" classname="mypackage1.Testng_Selenium2"/>
  <testcase name="iostestcase3" time="0.0" classname="mypackage1.Testng_Selenium2"/>
  <testcase name="testnglisternetsfailed" time="0.011" classname="mypackage1.Testng_Selenium2">
    <failure type="java.lang.AssertionError" message="expected [true] but found [false]">
      <![CDATA[java.lang.AssertionError: expected [true] but found [false]
at mypackage1.Testng_Selenium2.testnglisternetsfailed(Testng_Selenium2.java:77)
... Removed 29 stack frames]]>
    </failure>
  </testcase> <!-- testnglisternetsfailed -->
</testsuite> <!-- DummyTests -->
